<?xml version="1.0" encoding="UTF-8"?>
<!-- Generated by org.testng.reporters.JUnitReportReporter -->
<testsuite hostname="DESKTOP-7BQL62S" failures="0" tests="1" name="testCases.TC_001_AccountRegistrationTest" time="6.091" errors="0" timestamp="2023-03-31T12:58:32 IST" skipped="0">
  <testcase classname="testCases.TC_001_AccountRegistrationTest" name="test_account_Registration" time="6.091"/>
  <system-out/>
</testsuite> <!-- testCases.TC_001_AccountRegistrationTest -->
